16.7.2024, 9:15:46 - INFO - Server listening on port http://127.0.0.1:3030/
16.7.2024, 12:37:00 - INFO - Server listening on port http://127.0.0.1:3030/
17.7.2024, 11:10:43 - INFO - Server listening on port http://127.0.0.1:3030/
17.7.2024, 11:15:47 - INFO - Server listening on port http://127.0.0.1:3030/
17.7.2024, 11:17:08 - INFO - Server listening on port http://127.0.0.1:3030/
17.7.2024, 11:20:14 - INFO - Server listening on port http://127.0.0.1:3030/
31.7.2024, 10:32:28 - INFO - Server listening on port http://127.0.0.1:3030/
31.7.2024, 10:36:17 - INFO - Server listening on port http://127.0.0.1:3030/
31.7.2024, 10:41:50 - INFO - Server listening on port http://127.0.0.1:3030/
31.7.2024, 10:44:38 - INFO - Server listening on port http://127.0.0.1:3030/
31.7.2024, 10:53:41 - INFO - Server listening on port http://127.0.0.1:3030/
31.7.2024, 10:54:08 - INFO - Server listening on port http://127.0.0.1:3030/
31.7.2024, 10:55:44 - INFO - Server listening on port http://127.0.0.1:3030/
31.7.2024, 11:04:08 - INFO - Server listening on port http://127.0.0.1:3030/
31.7.2024, 11:04:21 - INFO - Server listening on port http://127.0.0.1:3030/
31.7.2024, 11:05:34 - INFO - Server listening on port http://127.0.0.1:3030/
31.7.2024, 14:37:02 - INFO - Server listening on port http://127.0.0.1:3030/
31.7.2024, 14:43:39 - INFO - Server listening on port http://127.0.0.1:3030/
31.7.2024, 15:43:08 - INFO - Server is running on port: 3030 
31.7.2024, 15:43:08 - INFO - server.js loaded... 
31.7.2024, 15:44:08 - INFO - server.js loaded... 
31.7.2024, 15:44:08 - INFO - Server is running on port: 3030 
31.7.2024, 15:46:38 - INFO - server.js loaded... 
31.7.2024, 15:46:38 - INFO - Server is running on port: 3030 
31.7.2024, 15:49:13 - INFO - Req was made | / 
31.7.2024, 15:49:14 - INFO - Req was made | / 
31.7.2024, 15:49:14 - INFO - Req was made | / 
31.7.2024, 15:50:08 - INFO - Req was made | / 
31.7.2024, 15:50:08 - INFO - Req was made | / 
31.7.2024, 15:50:09 - INFO - Req was made | / 
31.7.2024, 15:50:25 - INFO - Req was made | / 
31.7.2024, 15:50:25 - INFO - Req was made | / 
31.7.2024, 15:50:25 - INFO - Req was made | / 
31.7.2024, 15:55:57 - INFO - Req was made | / 
31.7.2024, 15:55:59 - INFO - Req was made | / 
31.7.2024, 15:56:02 - INFO - Req was made | / 
31.7.2024, 15:56:05 - INFO - Req was made | / 
31.7.2024, 15:56:12 - INFO - Req was made | / 
31.7.2024, 15:56:14 - INFO - Req was made | / 
31.7.2024, 15:56:19 - INFO - Req was made | / 
1.8.2024, 10:27:44 - INFO - Req was made | / 
1.8.2024, 10:27:44 - INFO - Req was made | / 
1.8.2024, 10:27:45 - INFO - Req was made | / 
1.8.2024, 10:39:06 - INFO - server.js loaded... 
1.8.2024, 10:39:06 - INFO - Server is running on port: 3030 
1.8.2024, 10:39:07 - INFO - server.js loaded... 
1.8.2024, 10:39:07 - INFO - Server is running on port: 3030 
1.8.2024, 10:41:13 - INFO - server.js loaded... 
1.8.2024, 10:41:13 - INFO - Server is running on port: 3030 
1.8.2024, 10:42:17 - INFO - server.js loaded... 
1.8.2024, 10:42:17 - INFO - Server is running on port: 3030 
1.8.2024, 10:44:47 - INFO - server.js loaded... 
1.8.2024, 10:44:47 - INFO - Server is running on port: 3030 
1.8.2024, 10:52:22 - INFO - server.js loaded... 
1.8.2024, 10:52:22 - INFO - Server is running on port: 3030 
1.8.2024, 10:52:47 - INFO - Req was made | / 
1.8.2024, 10:52:47 - INFO - Req was made | / 
1.8.2024, 10:52:47 - INFO - Req was made | / 
1.8.2024, 10:56:10 - INFO - server.js loaded... 
1.8.2024, 10:56:10 - INFO - Server is running on port: 3030 
1.8.2024, 11:03:54 - INFO - server.js loaded... 
1.8.2024, 11:03:54 - INFO - Server is running on port: 3030 
1.8.2024, 11:04:18 - INFO - server.js loaded... 
1.8.2024, 11:04:18 - INFO - Server is running on port: 3030 
1.8.2024, 11:04:45 - INFO - server.js loaded... 
1.8.2024, 11:04:46 - INFO - Server is running on port: 3030 
1.8.2024, 11:18:09 - INFO - Req was made | / 
1.8.2024, 11:18:09 - ERROR - cannot find toys | MongoServerError: $regex has to be a string 
1.8.2024, 11:18:09 - ERROR - Failed to get toys | MongoServerError: $regex has to be a string 
1.8.2024, 11:45:31 - INFO - Req was made | / 
1.8.2024, 11:45:31 - ERROR - cannot find toys | MongoServerError: $regex has to be a string 
1.8.2024, 11:45:31 - ERROR - Failed to get toys | MongoServerError: $regex has to be a string 
1.8.2024, 11:45:53 - INFO - Req was made | / 
1.8.2024, 11:45:53 - ERROR - Failed to get toys | MongoServerError: $regex has to be a string 
1.8.2024, 11:45:53 - ERROR - cannot find toys | MongoServerError: $regex has to be a string 
1.8.2024, 11:46:24 - INFO - Req was made | / 
1.8.2024, 11:46:24 - ERROR - cannot find toys | MongoServerError: $regex has to be a string 
1.8.2024, 11:46:24 - ERROR - Failed to get toys | MongoServerError: $regex has to be a string 
1.8.2024, 11:47:26 - INFO - Req was made | / 
1.8.2024, 11:47:26 - ERROR - cannot find toys | MongoServerError: $regex has to be a string 
1.8.2024, 11:47:26 - ERROR - Failed to get toys | MongoServerError: $regex has to be a string 
1.8.2024, 11:47:32 - INFO - Req was made | / 
1.8.2024, 11:47:32 - ERROR - cannot find toys | MongoServerError: $regex has to be a string 
1.8.2024, 11:47:32 - ERROR - Failed to get toys | MongoServerError: $regex has to be a string 
1.8.2024, 11:47:34 - INFO - Req was made | / 
1.8.2024, 11:47:34 - ERROR - cannot find toys | MongoServerError: $regex has to be a string 
1.8.2024, 11:47:34 - ERROR - Failed to get toys | MongoServerError: $regex has to be a string 
1.8.2024, 11:48:30 - INFO - server.js loaded... 
1.8.2024, 11:48:31 - INFO - Server is running on port: 3030 
1.8.2024, 11:48:41 - INFO - Req was made | / 
1.8.2024, 11:48:41 - ERROR - cannot find toys | MongoServerError: $regex has to be a string 
1.8.2024, 11:48:41 - ERROR - Failed to get toys | MongoServerError: $regex has to be a string 
1.8.2024, 11:49:32 - INFO - Req was made | / 
1.8.2024, 11:49:32 - ERROR - cannot find toys | MongoServerError: $regex has to be a string 
1.8.2024, 11:49:32 - ERROR - Failed to get toys | MongoServerError: $regex has to be a string 
1.8.2024, 11:49:38 - INFO - Req was made | / 
1.8.2024, 11:49:38 - ERROR - cannot find toys | MongoServerError: $regex has to be a string 
1.8.2024, 11:49:38 - ERROR - Failed to get toys | MongoServerError: $regex has to be a string 
1.8.2024, 11:50:29 - INFO - server.js loaded... 
1.8.2024, 11:50:29 - INFO - Server is running on port: 3030 
1.8.2024, 11:50:41 - ERROR - Failed to get toys | MongoServerError: $regex has to be a string 
1.8.2024, 11:50:41 - ERROR - cannot find toys | MongoServerError: $regex has to be a string 
1.8.2024, 11:50:46 - ERROR - Failed to get toys | MongoServerError: $regex has to be a string 
1.8.2024, 11:50:46 - ERROR - cannot find toys | MongoServerError: $regex has to be a string 
1.8.2024, 11:51:06 - INFO - server.js loaded... 
1.8.2024, 11:51:06 - INFO - Server is running on port: 3030 
1.8.2024, 11:51:11 - ERROR - cannot find toys | MongoServerError: $regex has to be a string 
1.8.2024, 11:51:11 - ERROR - Failed to get toys | MongoServerError: $regex has to be a string 
1.8.2024, 11:58:33 - ERROR - cannot find toys | MongoServerError: $regex has to be a string 
1.8.2024, 11:58:33 - ERROR - Failed to get toys | MongoServerError: $regex has to be a string 
1.8.2024, 11:58:42 - ERROR - cannot find toys | MongoServerError: $regex has to be a string 
1.8.2024, 11:58:42 - ERROR - Failed to get toys | MongoServerError: $regex has to be a string 
1.8.2024, 11:58:43 - ERROR - cannot find toys | MongoServerError: $regex has to be a string 
1.8.2024, 11:58:43 - ERROR - Failed to get toys | MongoServerError: $regex has to be a string 
1.8.2024, 11:59:46 - INFO - server.js loaded... 
1.8.2024, 11:59:46 - INFO - Server is running on port: 3030 
1.8.2024, 11:59:50 - ERROR - Failed to get toys | ReferenceError: sortBy is not defined 
1.8.2024, 11:59:52 - ERROR - Failed to get toys | ReferenceError: sortBy is not defined 
1.8.2024, 12:03:47 - INFO - server.js loaded... 
1.8.2024, 12:03:47 - INFO - Server is running on port: 3030 
1.8.2024, 12:03:53 - ERROR - Failed to get toys | ReferenceError: sortBy is not defined 
1.8.2024, 12:05:04 - INFO - server.js loaded... 
1.8.2024, 12:05:04 - INFO - Server is running on port: 3030 
1.8.2024, 12:08:33 - INFO - server.js loaded... 
1.8.2024, 12:08:33 - INFO - Server is running on port: 3030 
1.8.2024, 12:30:01 - INFO - server.js loaded... 
1.8.2024, 12:30:02 - INFO - Server is running on port: 3030 
1.8.2024, 12:31:43 - INFO - server.js loaded... 
1.8.2024, 12:31:43 - INFO - Server is running on port: 3030 
1.8.2024, 12:34:34 - INFO - server.js loaded... 
1.8.2024, 12:34:34 - INFO - Server is running on port: 3030 
1.8.2024, 12:38:24 - ERROR - while finding toy 66a91076a8a5e906d293f487 | TypeError: Cannot read properties of null (reading '_id') 
1.8.2024, 12:38:24 - ERROR - Failed to get toy | TypeError: Cannot read properties of null (reading '_id') 
1.8.2024, 12:41:42 - INFO - server.js loaded... 
1.8.2024, 12:41:42 - INFO - Server is running on port: 3030 
1.8.2024, 12:58:33 - ERROR - Failed to remove toy | BSONError: hex string must be 24 characters 
1.8.2024, 12:58:33 - ERROR - cannot remove toy t105 | BSONError: hex string must be 24 characters 
1.8.2024, 13:03:55 - INFO - server.js loaded... 
1.8.2024, 13:03:55 - INFO - Server is running on port: 3030 
1.8.2024, 13:04:48 - INFO - server.js loaded... 
1.8.2024, 13:04:48 - INFO - Server is running on port: 3030 
1.8.2024, 13:05:40 - INFO - server.js loaded... 
1.8.2024, 13:05:41 - INFO - Server is running on port: 3030 
1.8.2024, 13:18:00 - INFO - server.js loaded... 
1.8.2024, 13:18:00 - INFO - Server is running on port: 3030 
1.8.2024, 13:22:23 - INFO - server.js loaded... 
1.8.2024, 13:22:23 - INFO - Server is running on port: 3030 
1.8.2024, 13:22:41 - INFO - server.js loaded... 
1.8.2024, 13:22:41 - INFO - Server is running on port: 3030 
1.8.2024, 13:34:48 - INFO - server.js loaded... 
1.8.2024, 13:34:48 - INFO - Server is running on port: 3030 
5.8.2024, 10:38:51 - INFO - server.js loaded... 
5.8.2024, 10:38:51 - INFO - Server is running on port: 3030 
5.8.2024, 10:53:27 - INFO - server.js loaded... 
5.8.2024, 10:53:27 - INFO - Server is running on port: 3030 
6.8.2024, 9:31:41 - DEBUG - auth.service - login with username: muki 
6.8.2024, 9:31:41 - ERROR - Failed to Login Error: Invalid username or password 
6.8.2024, 9:31:47 - DEBUG - auth.service - login with username: muki 
6.8.2024, 9:31:47 - ERROR - Failed to Login Error: Invalid username or password 
6.8.2024, 9:32:06 - DEBUG - auth.service - signup with username: darr, fullname: darr 
6.8.2024, 9:32:07 - DEBUG - auth.route - new account created: {"username":"darr","password":"$2b$10$JHIzNawd0jT3i5v4py//wOUuJbDir5AsGR6q92PzyoWA9ha09Cxiq","fullname":"darr","score":0,"_id":"66b225d76cedf0bcfafe66df"} 
6.8.2024, 9:32:07 - DEBUG - auth.service - login with username: darr 
6.8.2024, 9:32:37 - DEBUG - auth.service - login with username: darr 
6.8.2024, 9:32:37 - INFO - User login:  | {"_id":"66b225d76cedf0bcfafe66df","username":"darr","fullname":"darr","score":0} 
6.8.2024, 9:42:34 - INFO - server.js loaded... 
6.8.2024, 9:42:34 - INFO - Server is running on port: 3030 
6.8.2024, 9:44:24 - INFO - server.js loaded... 
6.8.2024, 9:44:24 - INFO - Server is running on port: 3030 
6.8.2024, 9:44:41 - ERROR - cannot find toys | ReferenceError: _buildCriteria is not defined 
6.8.2024, 9:44:41 - ERROR - Failed to get toys | ReferenceError: _buildCriteria is not defined 
6.8.2024, 9:44:41 - ERROR - cannot find toys | ReferenceError: _buildCriteria is not defined 
6.8.2024, 9:44:41 - ERROR - Failed to get toys | ReferenceError: _buildCriteria is not defined 
6.8.2024, 9:44:42 - ERROR - cannot find toys | ReferenceError: _buildCriteria is not defined 
6.8.2024, 9:44:42 - ERROR - Failed to get toys | ReferenceError: _buildCriteria is not defined 
6.8.2024, 9:45:41 - INFO - server.js loaded... 
6.8.2024, 9:45:41 - INFO - Server is running on port: 3030 
6.8.2024, 9:46:34 - INFO - server.js loaded... 
6.8.2024, 9:46:34 - INFO - Server is running on port: 3030 
6.8.2024, 9:47:07 - INFO - server.js loaded... 
6.8.2024, 9:47:07 - INFO - Server is running on port: 3030 
6.8.2024, 9:49:14 - INFO - server.js loaded... 
6.8.2024, 9:49:14 - INFO - Server is running on port: 3030 
6.8.2024, 9:49:26 - INFO - server.js loaded... 
6.8.2024, 9:49:26 - INFO - Server is running on port: 3030 
6.8.2024, 9:50:00 - INFO - server.js loaded... 
6.8.2024, 9:50:00 - INFO - Server is running on port: 3030 
6.8.2024, 9:51:47 - INFO - server.js loaded... 
6.8.2024, 9:51:47 - INFO - Server is running on port: 3030 
6.8.2024, 9:52:00 - INFO - Req was made | / 
6.8.2024, 9:52:00 - INFO - Req was made | / 
6.8.2024, 9:52:00 - INFO - Req was made | / 
6.8.2024, 9:52:23 - INFO - server.js loaded... 
6.8.2024, 9:52:23 - INFO - Server is running on port: 3030 
6.8.2024, 9:52:41 - INFO - Req was made | / 
6.8.2024, 9:52:41 - INFO - Req was made | / 
6.8.2024, 9:52:41 - INFO - Req was made | / 
6.8.2024, 9:52:53 - INFO - Req was made | / 
6.8.2024, 9:52:53 - INFO - Req was made | / 
6.8.2024, 9:52:54 - INFO - Req was made | / 
6.8.2024, 9:53:22 - INFO - Req was made | / 
6.8.2024, 9:53:22 - INFO - Req was made | / 
6.8.2024, 9:53:23 - INFO - Req was made | / 
6.8.2024, 9:53:42 - INFO - server.js loaded... 
6.8.2024, 9:53:42 - INFO - Server is running on port: 3030 
6.8.2024, 9:54:19 - INFO - server.js loaded... 
6.8.2024, 9:54:19 - INFO - Server is running on port: 3030 
6.8.2024, 9:54:48 - INFO - server.js loaded... 
6.8.2024, 9:54:48 - INFO - Server is running on port: 3030 
6.8.2024, 9:55:44 - DEBUG - auth.service - login with username: darr 
6.8.2024, 9:55:44 - INFO - User login:  | {"_id":"66b225d76cedf0bcfafe66df","username":"darr","fullname":"darr","score":0} 
6.8.2024, 9:55:50 - INFO - Req was made | / 
6.8.2024, 9:55:50 - INFO - Req was made | / 
6.8.2024, 9:55:50 - INFO - Req was made | / 
6.8.2024, 9:55:54 - INFO - Req was made | / 
6.8.2024, 9:55:58 - INFO - Req was made | / 
6.8.2024, 9:56:16 - INFO - Req was made | / 
6.8.2024, 9:56:16 - INFO - Req was made | / 
6.8.2024, 9:56:17 - INFO - Req was made | / 
6.8.2024, 10:16:37 - INFO - server.js loaded... 
6.8.2024, 10:16:37 - INFO - Server is running on port: 3030 
6.8.2024, 10:17:53 - INFO - Req was made | / 
6.8.2024, 10:17:53 - ERROR - cannot find toys | MongoServerError: $regex has to be a string 
6.8.2024, 10:17:53 - ERROR - Failed to get toys | MongoServerError: $regex has to be a string 
6.8.2024, 10:18:00 - INFO - Req was made | / 
6.8.2024, 10:18:00 - ERROR - cannot find toys | MongoServerError: $regex has to be a string 
6.8.2024, 10:18:00 - ERROR - Failed to get toys | MongoServerError: $regex has to be a string 
6.8.2024, 10:18:26 - INFO - server.js loaded... 
6.8.2024, 10:18:26 - INFO - Server is running on port: 3030 
6.8.2024, 10:18:32 - INFO - Req was made | / 
6.8.2024, 10:18:32 - ERROR - Failed to get toys | MongoServerError: $regex has to be a string 
6.8.2024, 10:18:32 - ERROR - cannot find toys | MongoServerError: $regex has to be a string 
6.8.2024, 10:18:52 - INFO - Req was made | / 
6.8.2024, 10:18:52 - ERROR - cannot find toys | MongoServerError: $regex has to be a string 
6.8.2024, 10:18:52 - ERROR - Failed to get toys | MongoServerError: $regex has to be a string 
6.8.2024, 11:09:17 - INFO - Server is running on port: 3030 
6.8.2024, 11:09:17 - INFO - server.js loaded... 
6.8.2024, 11:10:33 - INFO - Req was made | / 
6.8.2024, 11:10:33 - ERROR - cannot find toys | MongoServerError: $regex has to be a string 
6.8.2024, 11:10:33 - ERROR - Failed to get toys | MongoServerError: $regex has to be a string 
6.8.2024, 11:11:22 - INFO - server.js loaded... 
6.8.2024, 11:11:22 - INFO - Server is running on port: 3030 
6.8.2024, 11:11:24 - ERROR - Failed to get toys | MongoServerError: $regex has to be a string 
6.8.2024, 11:11:24 - ERROR - cannot find toys | MongoServerError: $regex has to be a string 
6.8.2024, 11:11:48 - INFO - server.js loaded... 
6.8.2024, 11:11:48 - INFO - Server is running on port: 3030 
6.8.2024, 11:12:47 - INFO - server.js loaded... 
6.8.2024, 11:12:47 - INFO - Server is running on port: 3030 
6.8.2024, 11:12:51 - INFO - Req was made | / 
6.8.2024, 11:12:51 - ERROR - Failed to get toys | ReferenceError: sortBy is not defined 
6.8.2024, 11:12:53 - INFO - Req was made | / 
6.8.2024, 11:12:53 - ERROR - Failed to get toys | ReferenceError: sortBy is not defined 
6.8.2024, 11:13:32 - INFO - server.js loaded... 
6.8.2024, 11:13:32 - INFO - Server is running on port: 3030 
6.8.2024, 11:13:52 - INFO - server.js loaded... 
6.8.2024, 11:13:52 - INFO - Server is running on port: 3030 
6.8.2024, 11:13:54 - INFO - Req was made | / 
6.8.2024, 11:22:31 - INFO - Req was made | / 
6.8.2024, 11:22:31 - INFO - Req was made | / 
6.8.2024, 11:22:31 - INFO - Req was made | / 
6.8.2024, 11:22:37 - INFO - Req was made | / 
6.8.2024, 11:22:37 - INFO - Req was made | / 
6.8.2024, 11:22:38 - INFO - Req was made | / 
6.8.2024, 11:22:46 - INFO - Req was made | / 
6.8.2024, 11:22:54 - INFO - Req was made | / 
6.8.2024, 11:22:54 - INFO - Req was made | / 
6.8.2024, 11:22:54 - INFO - Req was made | / 
6.8.2024, 11:32:31 - DEBUG - auth.service - login with username: darr 
6.8.2024, 11:32:31 - ERROR - Failed to Login Error: data and hash arguments required 
6.8.2024, 11:35:05 - DEBUG - auth.service - signup with username: darr, fullname: darr 
6.8.2024, 11:35:05 - ERROR - cannot insert user | Error: Username taken 
6.8.2024, 11:35:05 - ERROR - Failed to signup Error: Username taken 
6.8.2024, 11:36:09 - DEBUG - auth.service - login with username: darr 
6.8.2024, 11:36:09 - ERROR - Failed to Login Error: data and hash arguments required 
6.8.2024, 11:36:19 - DEBUG - auth.service - signup with username: darr, fullname: darr 
6.8.2024, 11:36:19 - ERROR - cannot insert user | Error: Username taken 
6.8.2024, 11:36:19 - ERROR - Failed to signup Error: Username taken 
6.8.2024, 11:37:15 - DEBUG - auth.service - signup with username: ilan, fullname: ilan 
6.8.2024, 11:37:15 - DEBUG - auth.route - new account created: {"username":"ilan","password":"$2b$10$NM63fztIRJzpCo7BHE6i5u2S7eeM9KEK21CFm2Jh3qr9DESqS6WRy","fullname":"ilan","score":0,"_id":"66b2432b30335bf822be8f48"} 
6.8.2024, 11:37:15 - DEBUG - auth.service - login with username: ilan 
6.8.2024, 11:38:07 - DEBUG - auth.service - login with username: ilan 
6.8.2024, 11:38:07 - INFO - User login:  | {"_id":"66b2432b30335bf822be8f48","username":"ilan","fullname":"ilan","score":0} 
7.8.2024, 10:19:58 - INFO - Req was made | / 
7.8.2024, 10:26:22 - INFO - server.js loaded... 
7.8.2024, 10:26:22 - INFO - Server is running on port: 3030 
7.8.2024, 10:26:53 - DEBUG - auth.service - signup with username: yotam, fullname: yotam 
7.8.2024, 10:26:53 - DEBUG - auth.route - new account created: {"username":"yotam","password":"$2b$10$iLRqGPyZYHch9K12mAzCvOAaL5pPcvharVlVXLxQu.v9hQyi2ggQS","fullname":"yotam","score":0,"_id":"66b3842df86aae9da7a425e1"} 
7.8.2024, 10:26:53 - DEBUG - auth.service - login with username: yotam 
7.8.2024, 10:27:28 - INFO - Req was made | / 
7.8.2024, 10:27:28 - INFO - Req was made | / 
7.8.2024, 10:27:28 - INFO - Req was made | / 
7.8.2024, 10:29:28 - INFO - server.js loaded... 
7.8.2024, 10:29:28 - INFO - Server is running on port: 3030 
7.8.2024, 10:36:22 - INFO - server.js loaded... 
7.8.2024, 10:36:23 - INFO - Server is running on port: 3030 
7.8.2024, 10:37:04 - INFO - server.js loaded... 
7.8.2024, 10:37:04 - INFO - Server is running on port: 3030 
7.8.2024, 10:37:16 - INFO - server.js loaded... 
7.8.2024, 10:37:16 - INFO - Server is running on port: 3030 
7.8.2024, 10:38:22 - INFO - server.js loaded... 
7.8.2024, 10:38:22 - INFO - Server is running on port: 3030 
7.8.2024, 10:40:06 - INFO - Req was made | / 
7.8.2024, 10:50:44 - DEBUG - auth.service - signup with username: darr, fullname: darr 
7.8.2024, 10:50:44 - DEBUG - auth.route - new account created: {"username":"darr","password":"$2b$10$FaP/Y/3QqQwyTbOFgz/iZO9wLrNo1reOc2SSaEoeIx72NipI2XhYi","fullname":"darr","score":0,"_id":"66b389c453f32bd4643229c7"} 
7.8.2024, 10:50:44 - DEBUG - auth.service - login with username: darr 
7.8.2024, 10:57:17 - INFO - server.js loaded... 
7.8.2024, 10:57:17 - INFO - Server is running on port: 3030 
7.8.2024, 10:58:16 - INFO - server.js loaded... 
7.8.2024, 10:58:16 - INFO - Server is running on port: 3030 
7.8.2024, 11:00:23 - DEBUG - auth.service - login with username: darr 
7.8.2024, 11:00:24 - INFO - User login:  | {"_id":"66b389c453f32bd4643229c7","username":"darr","fullname":"darr","score":0} 
7.8.2024, 11:01:20 - INFO - Req was made | / 
7.8.2024, 11:11:20 - INFO - server.js loaded... 
7.8.2024, 11:11:20 - INFO - Server is running on port: 3030 
7.8.2024, 11:11:36 - ERROR - cannot update toy 66a91076a8a5e906d293f491 | ReferenceError: logger is not defined 
7.8.2024, 11:11:36 - ERROR - Failed to update toy | ReferenceError: logger is not defined 
7.8.2024, 11:11:45 - DEBUG - auth.service - login with username: darr 
7.8.2024, 11:11:45 - ERROR - Failed to Login ReferenceError: logger is not defined 
7.8.2024, 11:11:45 - ERROR - while finding user darr | ReferenceError: logger is not defined 
7.8.2024, 11:13:42 - INFO - server.js loaded... 
7.8.2024, 11:13:42 - INFO - Server is running on port: 3030 
7.8.2024, 11:13:49 - DEBUG - auth.service - login with username: darr 
7.8.2024, 11:13:50 - INFO - User login:  | {"_id":"66b389c453f32bd4643229c7","username":"darr","fullname":"darr","score":0} 
7.8.2024, 11:15:51 - INFO - server.js loaded... 
7.8.2024, 11:15:51 - INFO - Server is running on port: 3030 
7.8.2024, 11:16:01 - DEBUG - auth.service - login with username: darr 
7.8.2024, 11:16:01 - ERROR - while finding user darr | ReferenceError: logger is not defined 
7.8.2024, 11:16:01 - ERROR - Failed to Login ReferenceError: logger is not defined 
7.8.2024, 11:16:26 - INFO - Server is running on port: 3030 
7.8.2024, 11:16:26 - INFO - server.js loaded... 
7.8.2024, 11:16:31 - DEBUG - auth.service - login with username: darr 
7.8.2024, 11:16:32 - INFO - User login:  | {"_id":"66b389c453f32bd4643229c7","username":"darr","fullname":"darr","score":0} 
7.8.2024, 11:17:12 - INFO - Req was made | / 
7.8.2024, 11:17:13 - INFO - Req was made | / 
7.8.2024, 11:17:13 - INFO - Req was made | / 
7.8.2024, 11:17:16 - DEBUG - auth.service - login with username: muki 
7.8.2024, 11:17:16 - ERROR - Failed to Login Error: Invalid username or password 
7.8.2024, 11:17:23 - DEBUG - auth.service - login with username: darr 
7.8.2024, 11:17:24 - INFO - User login:  | {"_id":"66b389c453f32bd4643229c7","username":"darr","fullname":"darr","score":0} 
7.8.2024, 11:24:02 - INFO - server.js loaded... 
7.8.2024, 11:24:02 - INFO - Server is running on port: 3030 
7.8.2024, 11:24:47 - INFO - server.js loaded... 
7.8.2024, 11:24:47 - INFO - Server is running on port: 3030 
7.8.2024, 11:28:01 - INFO - server.js loaded... 
7.8.2024, 11:28:01 - INFO - Server is running on port: 3030 
8.8.2024, 10:48:39 - INFO - Server is running on port: 3030 
8.8.2024, 10:48:39 - INFO - server.js loaded... 
8.8.2024, 10:56:34 - INFO - server.js loaded... 
8.8.2024, 10:56:34 - INFO - Server is running on port: 3030 
8.8.2024, 10:57:20 - DEBUG - auth.service - login with username: ilan 
8.8.2024, 10:57:21 - INFO - User login:  | {"_id":"66b2432b30335bf822be8f48","username":"ilan","fullname":"ilan","score":0,"isAdmin":true} 
8.8.2024, 10:58:06 - DEBUG - auth.service - login with username: ilan 
8.8.2024, 10:58:06 - INFO - User login:  | {"_id":"66b2432b30335bf822be8f48","username":"ilan","fullname":"ilan","score":0,"isAdmin":false} 
8.8.2024, 10:58:23 - INFO - Req was made | / 
8.8.2024, 10:58:33 - WARN - ilanattempted to perform admin action 
8.8.2024, 10:59:02 - DEBUG - auth.service - login with username: ilan 
8.8.2024, 10:59:02 - INFO - User login:  | {"_id":"66b2432b30335bf822be8f48","username":"ilan","fullname":"ilan","score":0,"isAdmin":true} 
8.8.2024, 11:01:32 - INFO - Req was made | / 
8.8.2024, 11:13:12 - INFO - server.js loaded... 
8.8.2024, 11:13:12 - INFO - Server is running on port: 3030 
8.8.2024, 11:14:08 - INFO - server.js loaded... 
8.8.2024, 11:14:08 - INFO - Server is running on port: 3030 
8.8.2024, 11:14:19 - INFO - server.js loaded... 
8.8.2024, 11:14:19 - INFO - Server is running on port: 3030 
8.8.2024, 11:14:54 - INFO - Req was made | / 
8.8.2024, 11:15:16 - ERROR - cannot add toy msg 66abc2cb41e544384f8a8d60 | ReferenceError: utilService is not defined 
8.8.2024, 11:15:16 - ERROR - Failed to update toy | ReferenceError: utilService is not defined 
8.8.2024, 11:17:13 - INFO - server.js loaded... 
8.8.2024, 11:17:13 - INFO - Server is running on port: 3030 
8.8.2024, 11:18:46 - INFO - server.js loaded... 
8.8.2024, 11:18:46 - INFO - Server is running on port: 3030 
8.8.2024, 11:24:17 - INFO - Req was made | / 
8.8.2024, 11:24:47 - INFO - Req was made | / 
8.8.2024, 11:25:57 - INFO - Req was made | / 
